<?xml version="1.0" encoding="UTF-8"?>
<!-- Generated by org.testng.reporters.JUnitReportReporter -->
<testsuite hostname="Jyothi" failures="0" tests="1" name="nithminds.Assignment.testscripts.Filter" time="143.362" errors="0" timestamp="2025-02-07T12:05:51 IST" skipped="0">
  <testcase classname="nithminds.Assignment.testscripts.Filter" name="Parfum" time="143.362"/>
  <system-out/>
</testsuite> <!-- nithminds.Assignment.testscripts.Filter -->
