<?xml version="1.0" encoding="UTF-8"?>
<!-- Generated by org.testng.reporters.JUnitReportReporter -->
<testsuite hostname="Jyothi" failures="0" tests="2" name="nithminds.Assignment.testscripts.Filter" time="120.205" errors="0" timestamp="2025-02-08T23:54:20 IST" skipped="0">
  <testcase classname="nithminds.Assignment.testscripts.Filter" name="Parfum" time="42.076"/>
  <system-out/>
  <testcase classname="nithminds.Assignment.testscripts.Filter" name="Parfum" time="78.129"/>
  <system-out/>
</testsuite> <!-- nithminds.Assignment.testscripts.Filter -->
