<?xml version="1.0" encoding="UTF-8"?>
<!-- Generated by org.testng.reporters.JUnitReportReporter -->
<testsuite hostname="Jyothi" failures="0" tests="2" name="nithminds.Assignment.testscripts.Filter" time="101.983" errors="0" timestamp="2025-02-09T02:19:10 IST" skipped="0">
  <testcase classname="nithminds.Assignment.testscripts.Filter" name="Parfum" time="66.534"/>
  <system-out/>
  <testcase classname="nithminds.Assignment.testscripts.Filter" name="Parfum" time="35.449"/>
  <system-out/>
</testsuite> <!-- nithminds.Assignment.testscripts.Filter -->
