<?xml version="1.0" encoding="UTF-8"?>
<!-- Generated by org.testng.reporters.JUnitReportReporter -->
<testsuite hostname="Jyothi" failures="0" tests="1" name="nithminds.Assignment.testscripts.AllFiltersWithoutReusuability" time="12.704" errors="0" timestamp="2025-02-08T22:55:30 IST" skipped="0">
  <testcase classname="nithminds.Assignment.testscripts.AllFiltersWithoutReusuability" name="testApplyAllFilters" time="12.704"/>
  <system-out/>
</testsuite> <!-- nithminds.Assignment.testscripts.AllFiltersWithoutReusuability -->
