<?xml version="1.0" encoding="UTF-8"?>
<!-- Generated by org.testng.reporters.JUnitReportReporter -->
<testsuite hostname="Jyothi" failures="0" tests="2" name="nithminds.Assignment.testscripts.Filter" time="175.462" errors="0" timestamp="2025-02-10T10:05:59 IST" skipped="0">
  <testcase classname="nithminds.Assignment.testscripts.Filter" name="Parfum" time="93.284"/>
  <system-out/>
  <testcase classname="nithminds.Assignment.testscripts.Filter" name="Parfum" time="82.178"/>
  <system-out/>
</testsuite> <!-- nithminds.Assignment.testscripts.Filter -->
